[13:22:23 1723814543.0806] 
 Ice\Exception\Error: Class Lan\DTOs\Journal\Responses\ArticleCreateKeyResponseDTO contains 1 abstract method and must therefore be declared abstract or implement the remaining methods (Lan\Contracts\DTOs\LanDTOInterface::isValid) [peak: 62 MB]  
 /var/www/html/api-laravel/Lan/DTOs/Journal/Responses/ArticleCreateKeyResponseDTO.php:9  
 
#0 /var/www/html/api-laravel/vendor/lan/ice-fork/source/Ice/Core/Logger.php:276  
	Ice\Core\Logger->createException('Class Lan\\DTOs\\...', '/var/www/html/a...', 9, NULL, Array, 1) 
#1 /var/www/html/api-laravel/vendor/lan/ice-fork/source/Ice/Core/Logger.php:247  
	Ice\Core\Logger->error('Class Lan\\DTOs\\...', '/var/www/html/a...', 9, NULL, Array, 1) 
#2 /var/www/html/api-laravel/vendor/lan/ice-fork/source/Ice/Core/Logger.php:197  
	Ice\Core\Logger::errorHandler:1, 'Class Lan\\DTOs\\...', '/var/www/html/a...', 9, Array) 
#3 [internal function]: Ice\Core\Logger::shutdownHandler() 
#4 {main} 
 
[13:22:45 1723814565.9899] 
 Ice\Exception\Error: Class Lan\DTOs\Journal\Responses\JournalIssueList\IssueDTO contains 1 abstract method and must therefore be declared abstract or implement the remaining methods (Lan\Contracts\DTOs\LanDTOInterface::isValid) [peak: 64 MB]  
 /var/www/html/api-laravel/Lan/DTOs/Journal/Responses/JournalIssueList/IssueDTO.php:7  
 
#0 /var/www/html/api-laravel/vendor/lan/ice-fork/source/Ice/Core/Logger.php:276  
	Ice\Core\Logger->createException('Class Lan\\DTOs\\...', '/var/www/html/a...', 7, NULL, Array, 1) 
#1 /var/www/html/api-laravel/vendor/lan/ice-fork/source/Ice/Core/Logger.php:247  
	Ice\Core\Logger->error('Class Lan\\DTOs\\...', '/var/www/html/a...', 7, NULL, Array, 1) 
#2 /var/www/html/api-laravel/vendor/lan/ice-fork/source/Ice/Core/Logger.php:197  
	Ice\Core\Logger::errorHandler:1, 'Class Lan\\DTOs\\...', '/var/www/html/a...', 7, Array) 
#3 [internal function]: Ice\Core\Logger::shutdownHandler() 
#4 {main} 
 
[13:22:53 1723814573.8132] 
 Ice\Exception\Error: Class Lan\DTOs\Journal\Responses\JournalIssueList\YearWithIssuesDTO contains 1 abstract method and must therefore be declared abstract or implement the remaining methods (Lan\Contracts\DTOs\LanDTOInterface::isValid) [peak: 66 MB]  
 /var/www/html/api-laravel/Lan/DTOs/Journal/Responses/JournalIssueList/YearWithIssuesDTO.php:7  
 
#0 /var/www/html/api-laravel/vendor/lan/ice-fork/source/Ice/Core/Logger.php:276  
	Ice\Core\Logger->createException('Class Lan\\DTOs\\...', '/var/www/html/a...', 7, NULL, Array, 1) 
#1 /var/www/html/api-laravel/vendor/lan/ice-fork/source/Ice/Core/Logger.php:247  
	Ice\Core\Logger->error('Class Lan\\DTOs\\...', '/var/www/html/a...', 7, NULL, Array, 1) 
#2 /var/www/html/api-laravel/vendor/lan/ice-fork/source/Ice/Core/Logger.php:197  
	Ice\Core\Logger::errorHandler:1, 'Class Lan\\DTOs\\...', '/var/www/html/a...', 7, Array) 
#3 [internal function]: Ice\Core\Logger::shutdownHandler() 
#4 {main} 
 
[13:23:13 1723814593.6143] 
 Ice\Exception\Error: Class Lan\DTOs\Journal\Responses\ArticleListResponseDTO contains 1 abstract method and must therefore be declared abstract or implement the remaining methods (Lan\Contracts\DTOs\LanDTOInterface::isValid) [peak: 66 MB]  
 /var/www/html/api-laravel/Lan/DTOs/Journal/Responses/ArticleListResponseDTO.php:8  
 
#0 /var/www/html/api-laravel/vendor/lan/ice-fork/source/Ice/Core/Logger.php:276  
	Ice\Core\Logger->createException('Class Lan\\DTOs\\...', '/var/www/html/a...', 8, NULL, Array, 1) 
#1 /var/www/html/api-laravel/vendor/lan/ice-fork/source/Ice/Core/Logger.php:247  
	Ice\Core\Logger->error('Class Lan\\DTOs\\...', '/var/www/html/a...', 8, NULL, Array, 1) 
#2 /var/www/html/api-laravel/vendor/lan/ice-fork/source/Ice/Core/Logger.php:197  
	Ice\Core\Logger::errorHandler:1, 'Class Lan\\DTOs\\...', '/var/www/html/a...', 8, Array) 
#3 [internal function]: Ice\Core\Logger::shutdownHandler() 
#4 {main} 
 
[13:25:21 1723814721.0341] 
 Ice\Exception\Error: Class Lan\DTOs\Journal\Responses\ArticleDownloadResponseDTO contains 1 abstract method and must therefore be declared abstract or implement the remaining methods (Lan\Contracts\DTOs\LanDTOInterface::isValid) [peak: 88 MB]  
 /var/www/html/api-laravel/Lan/DTOs/Journal/Responses/ArticleDownloadResponseDTO.php:9  
 
#0 /var/www/html/api-laravel/vendor/lan/ice-fork/source/Ice/Core/Logger.php:276  
	Ice\Core\Logger->createException('Class Lan\\DTOs\\...', '/var/www/html/a...', 9, NULL, Array, 1) 
#1 /var/www/html/api-laravel/vendor/lan/ice-fork/source/Ice/Core/Logger.php:247  
	Ice\Core\Logger->error('Class Lan\\DTOs\\...', '/var/www/html/a...', 9, NULL, Array, 1) 
#2 /var/www/html/api-laravel/vendor/lan/ice-fork/source/Ice/Core/Logger.php:197  
	Ice\Core\Logger::errorHandler:1, 'Class Lan\\DTOs\\...', '/var/www/html/a...', 9, Array) 
#3 [internal function]: Ice\Core\Logger::shutdownHandler() 
#4 {main} 
 
[13:29:36 1723814976.4105] 
 Ice\Exception\Error: Class Lan\DTOs\Journal\Responses\ArticleDownloadResponseDTO contains 1 abstract method and must therefore be declared abstract or implement the remaining methods (Lan\Contracts\DTOs\LanDTOInterface::isValid) [peak: 88 MB]  
 /var/www/html/api-laravel/Lan/DTOs/Journal/Responses/ArticleDownloadResponseDTO.php:9  
 
#0 /var/www/html/api-laravel/vendor/lan/ice-fork/source/Ice/Core/Logger.php:276  
	Ice\Core\Logger->createException('Class Lan\\DTOs\\...', '/var/www/html/a...', 9, NULL, Array, 1) 
#1 /var/www/html/api-laravel/vendor/lan/ice-fork/source/Ice/Core/Logger.php:247  
	Ice\Core\Logger->error('Class Lan\\DTOs\\...', '/var/www/html/a...', 9, NULL, Array, 1) 
#2 /var/www/html/api-laravel/vendor/lan/ice-fork/source/Ice/Core/Logger.php:197  
	Ice\Core\Logger::errorHandler:1, 'Class Lan\\DTOs\\...', '/var/www/html/a...', 9, Array) 
#3 [internal function]: Ice\Core\Logger::shutdownHandler() 
#4 {main} 
 
[13:37:04 1723815424.5895] 
 Ice\Exception\Error: Class Lan\DTOs\Journal\Responses\ArticleDownloadResponseDTO contains 1 abstract method and must therefore be declared abstract or implement the remaining methods (Lan\Contracts\DTOs\LanDTOInterface::isValid) [peak: 88 MB]  
 /var/www/html/api-laravel/Lan/DTOs/Journal/Responses/ArticleDownloadResponseDTO.php:9  
 
#0 /var/www/html/api-laravel/vendor/lan/ice-fork/source/Ice/Core/Logger.php:276  
	Ice\Core\Logger->createException('Class Lan\\DTOs\\...', '/var/www/html/a...', 9, NULL, Array, 1) 
#1 /var/www/html/api-laravel/vendor/lan/ice-fork/source/Ice/Core/Logger.php:247  
	Ice\Core\Logger->error('Class Lan\\DTOs\\...', '/var/www/html/a...', 9, NULL, Array, 1) 
#2 /var/www/html/api-laravel/vendor/lan/ice-fork/source/Ice/Core/Logger.php:197  
	Ice\Core\Logger::errorHandler:1, 'Class Lan\\DTOs\\...', '/var/www/html/a...', 9, Array) 
#3 [internal function]: Ice\Core\Logger::shutdownHandler() 
#4 {main} 
 
[13:38:58 1723815538.9968] 
 Ice\Exception\Error: Class Lan\DTOs\Journal\Responses\ArticleDownloadResponseDTO contains 1 abstract method and must therefore be declared abstract or implement the remaining methods (Lan\Contracts\DTOs\LanDTOInterface::isValid) [peak: 88 MB]  
 /var/www/html/api-laravel/Lan/DTOs/Journal/Responses/ArticleDownloadResponseDTO.php:9  
 
#0 /var/www/html/api-laravel/vendor/lan/ice-fork/source/Ice/Core/Logger.php:276  
	Ice\Core\Logger->createException('Class Lan\\DTOs\\...', '/var/www/html/a...', 9, NULL, Array, 1) 
#1 /var/www/html/api-laravel/vendor/lan/ice-fork/source/Ice/Core/Logger.php:247  
	Ice\Core\Logger->error('Class Lan\\DTOs\\...', '/var/www/html/a...', 9, NULL, Array, 1) 
#2 /var/www/html/api-laravel/vendor/lan/ice-fork/source/Ice/Core/Logger.php:197  
	Ice\Core\Logger::errorHandler:1, 'Class Lan\\DTOs\\...', '/var/www/html/a...', 9, Array) 
#3 [internal function]: Ice\Core\Logger::shutdownHandler() 
#4 {main} 
 
[13:39:52 1723815592.6461] 
 Ice\Exception\Error: Class Lan\DTOs\Publisher\Requests\PublisherListRequestDTO contains 1 abstract method and must therefore be declared abstract or implement the remaining methods (Lan\Contracts\DTOs\LanDTOInterface::isValid) [peak: 90 MB]  
 /var/www/html/api-laravel/Lan/DTOs/Publisher/Requests/PublisherListRequestDTO.php:6  
 
#0 /var/www/html/api-laravel/vendor/lan/ice-fork/source/Ice/Core/Logger.php:276  
	Ice\Core\Logger->createException('Class Lan\\DTOs\\...', '/var/www/html/a...', 6, NULL, Array, 1) 
#1 /var/www/html/api-laravel/vendor/lan/ice-fork/source/Ice/Core/Logger.php:247  
	Ice\Core\Logger->error('Class Lan\\DTOs\\...', '/var/www/html/a...', 6, NULL, Array, 1) 
#2 /var/www/html/api-laravel/vendor/lan/ice-fork/source/Ice/Core/Logger.php:197  
	Ice\Core\Logger::errorHandler:1, 'Class Lan\\DTOs\\...', '/var/www/html/a...', 6, Array) 
#3 [internal function]: Ice\Core\Logger::shutdownHandler() 
#4 {main} 
 
[13:40:19 1723815619.1682] 
 Ice\Exception\Error: Class Lan\DTOs\Publisher\Responses\PublisherListResponseDTO contains 1 abstract method and must therefore be declared abstract or implement the remaining methods (Lan\Contracts\DTOs\LanDTOInterface::isValid) [peak: 90 MB]  
 /var/www/html/api-laravel/Lan/DTOs/Publisher/Responses/PublisherListResponseDTO.php:7  
 
#0 /var/www/html/api-laravel/vendor/lan/ice-fork/source/Ice/Core/Logger.php:276  
	Ice\Core\Logger->createException('Class Lan\\DTOs\\...', '/var/www/html/a...', 7, NULL, Array, 1) 
#1 /var/www/html/api-laravel/vendor/lan/ice-fork/source/Ice/Core/Logger.php:247  
	Ice\Core\Logger->error('Class Lan\\DTOs\\...', '/var/www/html/a...', 7, NULL, Array, 1) 
#2 /var/www/html/api-laravel/vendor/lan/ice-fork/source/Ice/Core/Logger.php:197  
	Ice\Core\Logger::errorHandler:1, 'Class Lan\\DTOs\\...', '/var/www/html/a...', 7, Array) 
#3 [internal function]: Ice\Core\Logger::shutdownHandler() 
#4 {main} 
 
