[07:26:50 1724657210.7086] 
 Ice\Exception\Error: Declaration of Lan\Services\CategoryService::getBookCategories(Lan\DTOs\Category\Requests\DocumentsTypeRequestDTO $requestDTO): Lan\DTOs\Category\Responses\PaginatedCategoryListResponseDTO must be compatible with Lan\Contracts\Services\CategoryServiceInterface::getBookCategories(Lan\Contracts\DTOs\Document\DocumentsTypeRequestDTOInterface $requestDTO): Lan\DTOs\Category\Responses\PaginatedCategoryListResponseDTO [peak: 84 MB]  
 /var/www/html/api-laravel/Lan/Services/CategoryService.php:24  
 
#0 /var/www/html/api-laravel/vendor/lan/ice-fork/source/Ice/Core/Logger.php:276  
	Ice\Core\Logger->createException('Declaration of ...', '/var/www/html/a...', 24, NULL, Array, 64) 
#1 /var/www/html/api-laravel/vendor/lan/ice-fork/source/Ice/Core/Logger.php:247  
	Ice\Core\Logger->error('Declaration of ...', '/var/www/html/a...', 24, NULL, Array, 64) 
#2 /var/www/html/api-laravel/vendor/lan/ice-fork/source/Ice/Core/Logger.php:197  
	Ice\Core\Logger::errorHandler:64, 'Declaration of ...', '/var/www/html/a...', 24, Array) 
#3 [internal function]: Ice\Core\Logger::shutdownHandler() 
#4 {main} 
 
[07:27:06 1724657226.4369] 
 Ice\Exception\Error: Declaration of Lan\Services\CategoryService::getBookCategories(Lan\DTOs\Category\Requests\DocumentsTypeRequestDTO $requestDTO): Lan\DTOs\Category\Responses\PaginatedCategoryListResponseDTO must be compatible with Lan\Contracts\Services\CategoryServiceInterface::getBookCategories(Lan\Contracts\DTOs\Document\DocumentsTypeRequestDTOInterface $requestDTO): Lan\DTOs\Category\Responses\PaginatedCategoryListResponseDTO [peak: 84 MB]  
 /var/www/html/api-laravel/Lan/Services/CategoryService.php:24  
 
#0 /var/www/html/api-laravel/vendor/lan/ice-fork/source/Ice/Core/Logger.php:276  
	Ice\Core\Logger->createException('Declaration of ...', '/var/www/html/a...', 24, NULL, Array, 64) 
#1 /var/www/html/api-laravel/vendor/lan/ice-fork/source/Ice/Core/Logger.php:247  
	Ice\Core\Logger->error('Declaration of ...', '/var/www/html/a...', 24, NULL, Array, 64) 
#2 /var/www/html/api-laravel/vendor/lan/ice-fork/source/Ice/Core/Logger.php:197  
	Ice\Core\Logger::errorHandler:64, 'Declaration of ...', '/var/www/html/a...', 24, Array) 
#3 [internal function]: Ice\Core\Logger::shutdownHandler() 
#4 {main} 
 
