[15:01:15 1730818875.5893] 
 Ice\Exception\Error: During inheritance of Lan\Services\JournalService, while autoloading Lan\DTOs\Book\Responses\PaginatedJournalListResponseDTO: Uncaught ErrorException: include_once(/var/www/html/api-laravel/vendor/composer/../../Lan/DTOs/Book/Responses/PaginatedJournalListResponseDTO.php): Failed to open stream: No such file or directory in /var/www/html/api-laravel/vendor/lan/ice-fork/source/Ice/Core/Loader.php:183
Stack trace:
#0 /var/www/html/api-laravel/vendor/laravel/framework/src/Illuminate/Foundation/Bootstrap/HandleExceptions.php(256): Illuminate\Foundation\Bootstrap\HandleExceptions->handleError(2, 'include_once(/v...', '/var/www/html/a...', 183)
#1 /var/www/html/api-laravel/vendor/lan/ice-fork/source/Ice/Core/Loader.php(183): Illuminate\Foundation\Bootstrap\HandleExceptions->Illuminate\Foundation\Bootstrap\{closure}(2, 'include_once(/v...', '/var/www/html/a...', 183)
#2 /var/www/html/api-laravel/vendor/lan/ice-fork/source/Ice/Core/Loader.php(183): include_once('/var/www/html/a...')
#3 /var/www/html/api-laravel/Lan/Services/JournalService.php(34): Ice\Core\Loader::load('Lan\\DTOs\\Book\\R...')
#4 /var/www/html/api-laravel/vendor/lan/ice-fork/source/Ice/Core/Loader.php(183): include_once('/var/www/html/a...')
#5 [internal function]: Ice\Core\Loader::load('Lan\\Services\\Jo...')
#6 /var/www/html/api-laravel/vendor/laravel/framework/src/Illuminate/Container/Container.php(938): ReflectionClass->__construct('Lan\\Services\\Jo...')
#7 /var/www/html/api-laravel/vendor/laravel/framework/src/Illuminate/Container/Container.php(815): Illuminate\Container\Container->build('Lan\\Services\\Jo...')
#8 /var/www/html/api-laravel/vendor/laravel/framework/src/Illuminate/Foundation/Application.php(1046): Illuminate\Container\Container->resolve('Lan\\Services\\Jo...', Array, false)
#9 /var/www/html/api-laravel/vendor/laravel/framework/src/Illuminate/Container/Container.php(324): Illuminate\Foundation\Application->resolve('Lan\\Services\\Jo...', Array, false)
#10 /var/www/html/api-laravel/vendor/laravel/framework/src/Illuminate/Container/Container.php(931): Illuminate\Container\Container->Illuminate\Container\{closure}(Object(Illuminate\Foundation\Application), Array)
#11 /var/www/html/api-laravel/vendor/laravel/framework/src/Illuminate/Container/Container.php(815): Illuminate\Container\Container->build(Object(Closure))
#12 /var/www/html/api-laravel/vendor/laravel/framework/src/Illuminate/Foundation/Application.php(1046): Illuminate\Container\Container->resolve('Lan\\Contracts\\S...', Array, true)
#13 /var/www/html/api-laravel/vendor/laravel/framework/src/Illuminate/Container/Container.php(751): Illuminate\Foundation\Application->resolve('Lan\\Contracts\\S...', Array)
#14 /var/www/html/api-laravel/vendor/laravel/framework/src/Illuminate/Foundation/Application.php(1028): Illuminate\Container\Container->make('Lan\\Contracts\\S...', Array)
#15 /var/www/html/api-laravel/vendor/laravel/framework/src/Illuminate/Container/Container.php(1119): Illuminate\Foundation\Application->make('Lan\\Contracts\\S...')
#16 /var/www/html/api-laravel/vendor/laravel/framework/src/Illuminate/Container/Container.php(1022): Illuminate\Container\Container->resolveClass(Object(ReflectionParameter))
#17 /var/www/html/api-laravel/vendor/laravel/framework/src/Illuminate/Container/Container.php(973): Illuminate\Container\Container->resolveDependencies(Array)
#18 /var/www/html/api-laravel/vendor/laravel/framework/src/Illuminate/Container/Container.php(815): Illuminate\Container\Container->build('App\\Http\\Contro...')
#19 /var/www/html/api-laravel/vendor/laravel/framework/src/Illuminate/Foundation/Application.php(1046): Illuminate\Container\Container->resolve('App\\Http\\Contro...', Array, true)
#20 /var/www/html/api-laravel/vendor/laravel/framework/src/Illuminate/Container/Container.php(751): Illuminate\Foundation\Application->resolve('App\\Http\\Contro...', Array)
#21 /var/www/html/api-laravel/vendor/laravel/framework/src/Illuminate/Foundation/Application.php(1028): Illuminate\Container\Container->make('App\\Http\\Contro...', Array)
#22 /var/www/html/api-laravel/vendor/laravel/framework/src/Illuminate/Routing/Route.php(279): Illuminate\Foundation\Application->make('App\\Http\\Contro...')
#23 /var/www/html/api-laravel/vendor/laravel/framework/src/Illuminate/Routing/Route.php(261): Illuminate\Routing\Route->getController()
#24 /var/www/html/api-laravel/vendor/laravel/framework/src/Illuminate/Routing/Route.php(206): Illuminate\Routing\Route->runController()
#25 /var/www/html/api-laravel/vendor/laravel/framework/src/Illuminate/Routing/Router.php(808): Illuminate\Routing\Route->run()
#26 /var/www/html/api-laravel/vendor/laravel/framework/src/Illuminate/Pipeline/Pipeline.php(144): Illuminate\Routing\Router->Illuminate\Routing\{closure}(Object(Illuminate\Http\Request))
#27 /var/www/html/api-laravel/app/Http/Middleware/EnsureUserAuthenticated.php(34): Illuminate\Pipeline\Pipeline->Illuminate\Pipeline\{closure}(Object(Illuminate\Http\Request))
#28 /var/www/html/api-laravel/vendor/laravel/framework/src/Illuminate/Pipeline/Pipeline.php(183): App\Http\Middleware\EnsureUserAuthenticated->handle(Object(Illuminate\Http\Request), Object(Closure))
#29 /var/www/html/api-laravel/app/Http/Middleware/CopyTokenFromHeaderToCookie.php(28): Illuminate\Pipeline\Pipeline->Illuminate\Pipeline\{closure}(Object(Illuminate\Http\Request))
#30 /var/www/html/api-laravel/vendor/laravel/framework/src/Illuminate/Pipeline/Pipeline.php(183): App\Http\Middleware\CopyTokenFromHeaderToCookie->handle(Object(Illuminate\Http\Request), Object(Closure))
#31 /var/www/html/api-laravel/vendor/laravel/framework/src/Illuminate/Routing/Middleware/SubstituteBindings.php(51): Illuminate\Pipeline\Pipeline->Illuminate\Pipeline\{closure}(Object(Illuminate\Http\Request))
#32 /var/www/html/api-laravel/vendor/laravel/framework/src/Illuminate/Pipeline/Pipeline.php(183): Illuminate\Routing\Middleware\SubstituteBindings->handle(Object(Illuminate\Http\Request), Object(Closure))
#33 /var/www/html/api-laravel/vendor/laravel/framework/src/Illuminate/Pipeline/Pipeline.php(119): Illuminate\Pipeline\Pipeline->Illuminate\Pipeline\{closure}(Object(Illuminate\Http\Request))
#34 /var/www/html/api-laravel/vendor/laravel/framework/src/Illuminate/Routing/Router.php(807): Illuminate\Pipeline\Pipeline->then(Object(Closure))
#35 /var/www/html/api-laravel/vendor/laravel/framework/src/Illuminate/Routing/Router.php(786): Illuminate\Routing\Router->runRouteWithinStack(Object(Illuminate\Routing\Route), Object(Illuminate\Http\Request))
#36 /var/www/html/api-laravel/vendor/laravel/framework/src/Illuminate/Routing/Router.php(750): Illuminate\Routing\Router->runRoute(Object(Illuminate\Http\Request), Object(Illuminate\Routing\Route))
#37 /var/www/html/api-laravel/vendor/laravel/framework/src/Illuminate/Routing/Router.php(739): Illuminate\Routing\Router->dispatchToRoute(Object(Illuminate\Http\Request))
#38 /var/www/html/api-laravel/vendor/laravel/framework/src/Illuminate/Foundation/Http/Kernel.php(201): Illuminate\Routing\Router->dispatch(Object(Illuminate\Http\Request))
#39 /var/www/html/api-laravel/vendor/laravel/framework/src/Illuminate/Pipeline/Pipeline.php(144): Illuminate\Foundation\Http\Kernel->Illuminate\Foundation\Http\{closure}(Object(Illuminate\Http\Request))
#40 /var/www/html/api-laravel/vendor/laravel/framework/src/Illuminate/Foundation/Http/Middleware/TransformsRequest.php(21): Illuminate\Pipeline\Pipeline->Illuminate\Pipeline\{closure}(Object(Illuminate\Http\Request))
#41 /var/www/html/api-laravel/vendor/laravel/framework/src/Illuminate/Foundation/Http/Middleware/ConvertEmptyStringsToNull.php(31): Illuminate\Foundation\Http\Middleware\TransformsRequest->handle(Object(Illuminate\Http\Request), Object(Closure))
#42 /var/www/html/api-laravel/vendor/laravel/framework/src/Illuminate/Pipeline/Pipeline.php(183): Illuminate\Foundation\Http\Middleware\ConvertEmptyStringsToNull->handle(Object(Illuminate\Http\Request), Object(Closure))
#43 /var/www/html/api-laravel/vendor/laravel/framework/src/Illuminate/Foundation/Http/Middleware/TransformsRequest.php(21): Illuminate\Pipeline\Pipeline->Illuminate\Pipeline\{closure}(Object(Illuminate\Http\Request))
#44 /var/www/html/api-laravel/vendor/laravel/framework/src/Illuminate/Foundation/Http/Middleware/TrimStrings.php(51): Illuminate\Foundation\Http\Middleware\TransformsRequest->handle(Object(Illuminate\Http\Request), Object(Closure))
#45 /var/www/html/api-laravel/vendor/laravel/framework/src/Illuminate/Pipeline/Pipeline.php(183): Illuminate\Foundation\Http\Middleware\TrimStrings->handle(Object(Illuminate\Http\Request), Object(Closure))
#46 /var/www/html/api-laravel/vendor/laravel/framework/src/Illuminate/Http/Middleware/ValidatePostSize.php(27): Illuminate\Pipeline\Pipeline->Illuminate\Pipeline\{closure}(Object(Illuminate\Http\Request))
#47 /var/www/html/api-laravel/vendor/laravel/framework/src/Illuminate/Pipeline/Pipeline.php(183): Illuminate\Http\Middleware\ValidatePostSize->handle(Object(Illuminate\Http\Request), Object(Closure))
#48 /var/www/html/api-laravel/vendor/laravel/framework/src/Illuminate/Foundation/Http/Middleware/PreventRequestsDuringMaintenance.php(110): Illuminate\Pipeline\Pipeline->Illuminate\Pipeline\{closure}(Object(Illuminate\Http\Request))
#49 /var/www/html/api-laravel/vendor/laravel/framework/src/Illuminate/Pipeline/Pipeline.php(183): Illuminate\Foundation\Http\Middleware\PreventRequestsDuringMaintenance->handle(Object(Illuminate\Http\Request), Object(Closure))
#50 /var/www/html/api-laravel/vendor/laravel/framework/src/Illuminate/Http/Middleware/HandleCors.php(49): Illuminate\Pipeline\Pipeline->Illuminate\Pipeline\{closure}(Object(Illuminate\Http\Request))
#51 /var/www/html/api-laravel/vendor/laravel/framework/src/Illuminate/Pipeline/Pipeline.php(183): Illuminate\Http\Middleware\HandleCors->handle(Object(Illuminate\Http\Request), Object(Closure))
#52 /var/www/html/api-laravel/vendor/laravel/framework/src/Illuminate/Http/Middleware/TrustProxies.php(57): Illuminate\Pipeline\Pipeline->Illuminate\Pipeline\{closure}(Object(Illuminate\Http\Request))
#53 /var/www/html/api-laravel/vendor/laravel/framework/src/Illuminate/Pipeline/Pipeline.php(183): Illuminate\Http\Middleware\TrustProxies->handle(Object(Illuminate\Http\Request), Object(Closure))
#54 /var/www/html/api-laravel/vendor/laravel/framework/src/Illuminate/Pipeline/Pipeline.php(119): Illuminate\Pipeline\Pipeline->Illuminate\Pipeline\{closure}(Object(Illuminate\Http\Request))
#55 /var/www/html/api-laravel/vendor/laravel/framework/src/Illuminate/Foundation/Http/Kernel.php(176): Illuminate\Pipeline\Pipeline->then(Object(Closure))
#56 /var/www/html/api-laravel/vendor/laravel/framework/src/Illuminate/Foundation/Http/Kernel.php(145): Illuminate\Foundation\Http\Kernel->sendRequestThroughRouter(Object(Illuminate\Http\Request))
#57 /var/www/html/api-laravel/vendor/laravel/framework/src/Illuminate/Foundation/Application.php(1188): Illuminate\Foundation\Http\Kernel->handle(Object(Illuminate\Http\Request))
#58 /var/www/html/api-laravel/public/index.php(24): Illuminate\Foundation\Application->handleRequest(Object(Illuminate\Http\Request))
#59 {main} [peak: 36 MB]  
 /var/www/html/api-laravel/Lan/Services/JournalService.php:34  
 
#0 /var/www/html/api-laravel/vendor/lan/ice-fork/source/Ice/Core/Logger.php:276  
	Ice\Core\Logger->createException('During inherita...', '/var/www/html/a...', 34, NULL, Array, 1) 
#1 /var/www/html/api-laravel/vendor/lan/ice-fork/source/Ice/Core/Logger.php:247  
	Ice\Core\Logger->error('During inherita...', '/var/www/html/a...', 34, NULL, Array, 1) 
#2 /var/www/html/api-laravel/vendor/lan/ice-fork/source/Ice/Core/Logger.php:197  
	Ice\Core\Logger::errorHandler:1, 'During inherita...', '/var/www/html/a...', 34, Array) 
#3 [internal function]: Ice\Core\Logger::shutdownHandler() 
#4 {main} 
 
